<?xml version="1.0" encoding="UTF-8"?>
<!DOCTYPE properties SYSTEM "http://java.sun.com/dtd/properties.dtd">
<properties>
	<comment>test-update.xml file</comment>
	
	<entry key="update">
		UPDATE TB_TEST SET 
		TEST_TITLE = '?', TEST_CONTENT='?'
		WHERE TEST_NO= '?';		
	</entry>
	
</properties>
